dreamPuzzlePort/manifest-merger-release-report.txt
-- Merging decision tree log ---
manifest
ADDED from AndroidManifest.xml:2:1
	xmlns:android
		ADDED from AndroidManifest.xml:2:11
	package
		ADDED from AndroidManifest.xml:3:5
		INJECTED from AndroidManifest.xml:0:0
		INJECTED from AndroidManifest.xml:0:0
	android:versionName
		INJECTED from AndroidManifest.xml:0:0
		INJECTED from AndroidManifest.xml:0:0
	android:versionCode
		INJECTED from AndroidManifest.xml:0:0
		INJECTED from AndroidManifest.xml:0:0
	android:installLocation
		ADDED from AndroidManifest.xml:4:5
uses-permission#android.permission.WRITE_EXTERNAL_STORAGE
ADDED from AndroidManifest.xml:7:5
	android:name
		ADDED from AndroidManifest.xml:7:22
uses-permission#android.permission.INTERNET
ADDED from AndroidManifest.xml:8:5
	android:name
		ADDED from AndroidManifest.xml:8:22
uses-permission#android.permission.ACCESS_NETWORK_STATE
ADDED from AndroidManifest.xml:9:5
	android:name
		ADDED from AndroidManifest.xml:9:22
uses-permission#android.permission.SET_WALLPAPER
ADDED from AndroidManifest.xml:10:5
	android:name
		ADDED from AndroidManifest.xml:10:22
uses-permission#android.permission.CAMERA
ADDED from AndroidManifest.xml:11:5
	android:name
		ADDED from AndroidManifest.xml:11:22
application
ADDED from AndroidManifest.xml:26:5
MERGED from DreamPuzzlePort:dreamPuzzlePort-Util:unspecified:11:5
MERGED from com.android.support:appcompat-v7:21.0.3:16:5
MERGED from com.android.support:support-v4:21.0.3:16:5
MERGED from com.google.android.gms:play-services:6.5.87:20:5
MERGED from com.android.support:support-v4:21.0.3:16:5
	android:label
		ADDED from AndroidManifest.xml:30:9
	android:allowBackup
		ADDED from AndroidManifest.xml:31:9
	android:icon
		ADDED from AndroidManifest.xml:29:9
	android:theme
		ADDED from AndroidManifest.xml:28:9
	android:hardwareAccelerated
		ADDED from AndroidManifest.xml:32:9
	android:name
		ADDED from AndroidManifest.xml:27:9
meta-data#com.google.android.gms.version
ADDED from AndroidManifest.xml:34:6
MERGED from com.google.android.gms:play-services:6.5.87:21:9
	android:name
		ADDED from AndroidManifest.xml:34:17
	android:value
		ADDED from AndroidManifest.xml:35:16
service#org.hao.puzzle54.services.UpdatePuzzlesXmlService
ADDED from AndroidManifest.xml:36:3
	android:name
		ADDED from AndroidManifest.xml:36:12
service#org.hao.puzzle54.services.DownloadIconService
ADDED from AndroidManifest.xml:37:3
	android:name
		ADDED from AndroidManifest.xml:37:12
service#org.hao.puzzle54.services.DownloadZipMonitorService
ADDED from AndroidManifest.xml:38:3
	android:name
		ADDED from AndroidManifest.xml:38:12
service#org.hao.puzzle54.services.DownloadZipService
ADDED from AndroidManifest.xml:39:3
	android:name
		ADDED from AndroidManifest.xml:39:12
service#org.hao.puzzle54.services.MyAdsService
ADDED from AndroidManifest.xml:40:3
	android:name
		ADDED from AndroidManifest.xml:40:12
service#org.hao.puzzle54.services.ApkUpdateService
ADDED from AndroidManifest.xml:41:3
	android:name
		ADDED from AndroidManifest.xml:41:12
service#org.hao.puzzle54.services.DownloadApkService
ADDED from AndroidManifest.xml:42:3
	android:name
		ADDED from AndroidManifest.xml:42:12
activity#org.hao.puzzle54.ActMain
ADDED from AndroidManifest.xml:52:9
	android:screenOrientation
		ADDED from AndroidManifest.xml:56:13
	android:label
		ADDED from AndroidManifest.xml:55:13
	android:configChanges
		ADDED from AndroidManifest.xml:54:13
	android:name
		ADDED from AndroidManifest.xml:53:13
intent-filter#android.intent.action.MAIN+android.intent.category.LAUNCHER
ADDED from AndroidManifest.xml:57:13
action#android.intent.action.MAIN
ADDED from AndroidManifest.xml:58:17
	android:name
		ADDED from AndroidManifest.xml:58:25
category#android.intent.category.LAUNCHER
ADDED from AndroidManifest.xml:59:17
	android:name
		ADDED from AndroidManifest.xml:59:27
activity#org.hao.puzzle54.SettingsActivity
ADDED from AndroidManifest.xml:62:9
	android:screenOrientation
		ADDED from AndroidManifest.xml:66:13
	android:label
		ADDED from AndroidManifest.xml:65:13
	android:configChanges
		ADDED from AndroidManifest.xml:64:13
	android:name
		ADDED from AndroidManifest.xml:63:13
activity#org.hao.puzzle54.SkinActivity
ADDED from AndroidManifest.xml:67:9
	android:screenOrientation
		ADDED from AndroidManifest.xml:71:13
	android:label
		ADDED from AndroidManifest.xml:70:13
	android:configChanges
		ADDED from AndroidManifest.xml:69:13
	android:name
		ADDED from AndroidManifest.xml:68:13
activity#org.hao.puzzle54.custom.CustomGridActivity
ADDED from AndroidManifest.xml:72:9
	android:screenOrientation
		ADDED from AndroidManifest.xml:76:13
	android:label
		ADDED from AndroidManifest.xml:75:13
	android:configChanges
		ADDED from AndroidManifest.xml:74:13
	android:name
		ADDED from AndroidManifest.xml:73:13
activity#org.hao.puzzle54.PackageGridActivity
ADDED from AndroidManifest.xml:77:9
	android:screenOrientation
		ADDED from AndroidManifest.xml:81:13
	android:label
		ADDED from AndroidManifest.xml:80:13
	android:configChanges
		ADDED from AndroidManifest.xml:79:13
	android:name
		ADDED from AndroidManifest.xml:78:13
activity#org.hao.puzzle54.PuzzleActivity
ADDED from AndroidManifest.xml:82:9
	android:screenOrientation
		ADDED from AndroidManifest.xml:86:13
	android:label
		ADDED from AndroidManifest.xml:85:13
	android:configChanges
		ADDED from AndroidManifest.xml:84:13
	android:name
		ADDED from AndroidManifest.xml:83:13
activity#org.hao.puzzle54.PreviewPicActivity
ADDED from AndroidManifest.xml:87:9
	android:screenOrientation
		ADDED from AndroidManifest.xml:91:13
	android:label
		ADDED from AndroidManifest.xml:90:13
	android:configChanges
		ADDED from AndroidManifest.xml:89:13
	android:name
		ADDED from AndroidManifest.xml:88:13
activity#org.hao.puzzle54.InstallMyApkActivity
ADDED from AndroidManifest.xml:92:9
	android:screenOrientation
		ADDED from AndroidManifest.xml:96:13
	android:label
		ADDED from AndroidManifest.xml:95:13
	android:configChanges
		ADDED from AndroidManifest.xml:94:13
	android:name
		ADDED from AndroidManifest.xml:93:13
activity#com.google.android.gms.ads.AdActivity
ADDED from AndroidManifest.xml:97:9
	android:configChanges
		ADDED from AndroidManifest.xml:99:13
	android:name
		ADDED from AndroidManifest.xml:98:13
uses-sdk
INJECTED from AndroidManifest.xml:0:0 reason: use-sdk injection requested
MERGED from DreamPuzzlePort:dreamPuzzlePort-Util:unspecified:7:5
MERGED from com.android.support:appcompat-v7:21.0.3:15:5
MERGED from com.android.support:support-v4:21.0.3:15:5
MERGED from com.google.android.gms:play-services:6.5.87:18:5
MERGED from com.android.support:support-v4:21.0.3:15:5
	android:targetSdkVersion
		INJECTED from AndroidManifest.xml:0:0
		INJECTED from AndroidManifest.xml:0:0
	android:minSdkVersion
		INJECTED from AndroidManifest.xml:0:0
		INJECTED from AndroidManifest.xml:0:0